time="2025-11-24T17:29:42+01:00" level=warning msg="/home/azizk/Desktop/semProject/Projet_fwk/docker-compose.yml: the attribute `version` is obsolete, it will be ignored, please remove it to avoid potential confusion"
Compose now can delegate build to bake for better performances
Just set COMPOSE_BAKE=true
#0 building with "default" instance using docker driver

#1 [suricata internal] load build definition from Dockerfile.suricata
#1 transferring dockerfile: 812B done
#1 DONE 0.0s

#2 [mock-backend internal] load build definition from Dockerfile
#2 transferring dockerfile: 275B done
#2 DONE 0.0s

#3 [mock-backend internal] load metadata for docker.io/library/node:22-alpine
#3 DONE 1.9s

#4 [suricata internal] load metadata for docker.io/library/ubuntu:22.04
#4 ...

#5 [mock-backend internal] load .dockerignore
#5 transferring context: 2B done
#5 DONE 0.0s

#6 [mock-backend 1/5] FROM docker.io/library/node:22-alpine@sha256:b2358485e3e33bc3a33114d2b1bdb18cdbe4df01bd2b257198eb51beb1f026c5
#6 DONE 0.0s

#7 [mock-backend internal] load build context
#7 transferring context: 541B done
#7 DONE 0.0s

#8 [mock-backend 4/5] RUN npm install --production --no-audit --no-fund
#8 CACHED

#9 [mock-backend 2/5] WORKDIR /usr/src/app
#9 CACHED

#10 [mock-backend 3/5] COPY package.json package-lock.json* ./
#10 CACHED

#11 [mock-backend 5/5] COPY . .
#11 CACHED

#12 [mock-backend] exporting to image
#12 exporting layers done
#12 writing image sha256:234525d6bf6425dc72af66c4a7be16bbd7c14c56ac35f51ba69ee8c544428643 done
#12 naming to docker.io/library/projet_fwk-mock-backend done
#12 DONE 0.0s

#13 [mock-backend] resolving provenance for metadata file
#13 DONE 0.0s

#14 [dashboard internal] load build definition from Dockerfile
#14 transferring dockerfile: 466B done
#14 DONE 0.0s

#3 [dashboard internal] load metadata for docker.io/library/node:22-alpine
#3 ...

#4 [suricata internal] load metadata for docker.io/library/ubuntu:22.04
#4 DONE 2.2s

#15 [suricata internal] load .dockerignore
#15 transferring context: 2B done
#15 DONE 0.0s

#16 [suricata 1/6] FROM docker.io/library/ubuntu:22.04@sha256:104ae83764a5119017b8e8d6218fa0832b09df65aae7d5a6de29a85d813da2fb
#16 DONE 0.0s

#17 [suricata internal] load build context
#17 transferring context: 190B done
#17 DONE 0.0s

#18 [suricata 3/6] RUN mkdir -p /var/log/suricata /etc/suricata/rules
#18 CACHED

#19 [suricata 4/6] RUN suricata-update
#19 CACHED

#20 [suricata 2/6] RUN apt-get update && apt-get install -y     software-properties-common     wget     && add-apt-repository ppa:oisf/suricata-stable     && apt-get update     && apt-get install -y suricata     && apt-get clean     && rm -rf /var/lib/apt/lists/*
#20 CACHED

#21 [suricata 5/6] COPY suricata/suricata.yaml /etc/suricata/suricata.yaml
#21 CACHED

#22 [suricata 6/6] WORKDIR /var/log/suricata
#22 CACHED

#23 [suricata] exporting to image
#23 exporting layers done
#23 writing image sha256:b34ae1da7ccaa370c38276637ae897d46d34dad2b2fdb59233602d01c4c95341 done
#23 naming to docker.io/library/projet_fwk-suricata done
#23 DONE 0.0s

#24 [suricata] resolving provenance for metadata file
#24 DONE 0.0s

#3 [dashboard internal] load metadata for docker.io/library/node:22-alpine
#3 DONE 2.2s

#25 [dashboard internal] load metadata for docker.io/library/nginx:stable-alpine
#25 DONE 1.3s

#26 [dashboard internal] load .dockerignore
#26 transferring context: 2B done
#26 DONE 0.0s

#6 [dashboard build 1/6] FROM docker.io/library/node:22-alpine@sha256:b2358485e3e33bc3a33114d2b1bdb18cdbe4df01bd2b257198eb51beb1f026c5
#6 DONE 0.0s

#27 [dashboard stage-1 1/3] FROM docker.io/library/nginx:stable-alpine@sha256:30f1c0d78e0ad60901648be663a710bdadf19e4c10ac6782c235200619158284
#27 DONE 0.0s

#28 [dashboard internal] load build context
#28 transferring context: 4.05kB done
#28 DONE 0.0s

#29 [dashboard build 2/6] WORKDIR /app
#29 CACHED

#30 [dashboard build 6/6] RUN npm run build
#30 CACHED

#31 [dashboard build 3/6] COPY package.json package-lock.json* ./
#31 CACHED

#32 [dashboard stage-1 2/3] COPY nginx.conf /etc/nginx/conf.d/default.conf
#32 CACHED

#33 [dashboard build 4/6] RUN npm install --legacy-peer-deps
#33 CACHED

#34 [dashboard build 5/6] COPY . .
#34 CACHED

#35 [dashboard stage-1 3/3] COPY --from=build /app/dist /usr/share/nginx/html
#35 CACHED

#36 [dashboard] exporting to image
#36 exporting layers done
#36 writing image sha256:b6cafff462a33ddded30b35b1581c016c386390bf814b253fedfbcf26356870b done
#36 naming to docker.io/library/projet_fwk-dashboard done
#36 DONE 0.0s

#37 [dashboard] resolving provenance for metadata file
#37 DONE 0.0s
 dashboard  Built
 mock-backend  Built
 suricata  Built
 Network projet_fwk_default  Creating
 Network projet_fwk_default  Created
 Container projet_fwk-elasticsearch-1  Creating
 Container projet_fwk-mock-backend-1  Creating
 Container projet_fwk-traffic-gen-1  Creating
 Container projet_fwk-postgres-1  Creating
 Container projet_fwk-traffic-gen-1  Created
 Container projet_fwk-elasticsearch-1  Created
 Container projet_fwk-postgres-1  Created
 Container projet_fwk-suricata-1  Creating
 Container projet_fwk-suricata-1  Created
 Container projet_fwk-mock-backend-1  Created
 Container projet_fwk-dashboard-1  Creating
 Container projet_fwk-dashboard-1  Created
Attaching to dashboard-1, elasticsearch-1, mock-backend-1, postgres-1, suricata-1, traffic-gen-1
postgres-1       | 
postgres-1       | PostgreSQL Database directory appears to contain a database; Skipping initialization
postgres-1       | 
postgres-1       | 2025-11-24 16:29:46.937 UTC [1] LOG:  starting PostgreSQL 16.11 (Debian 16.11-1.pgdg13+1) on x86_64-pc-linux-gnu, compiled by gcc (Debian 14.2.0-19) 14.2.0, 64-bit
postgres-1       | 2025-11-24 16:29:46.938 UTC [1] LOG:  listening on IPv4 address "0.0.0.0", port 5432
postgres-1       | 2025-11-24 16:29:46.938 UTC [1] LOG:  listening on IPv6 address "::", port 5432
postgres-1       | 2025-11-24 16:29:46.940 UTC [1] LOG:  listening on Unix socket "/var/run/postgresql/.s.PGSQL.5432"
postgres-1       | 2025-11-24 16:29:46.944 UTC [29] LOG:  database system was shut down at 2025-11-24 16:28:08 UTC
postgres-1       | 2025-11-24 16:29:46.953 UTC [1] LOG:  database system is ready to accept connections
mock-backend-1   | Real backend listening on http://localhost:4000
mock-backend-1   | Monitoring log file: /var/log/suricata/eve.json
dashboard-1      | /docker-entrypoint.sh: /docker-entrypoint.d/ is not empty, will attempt to perform configuration
dashboard-1      | /docker-entrypoint.sh: Looking for shell scripts in /docker-entrypoint.d/
dashboard-1      | /docker-entrypoint.sh: Launching /docker-entrypoint.d/10-listen-on-ipv6-by-default.sh
dashboard-1      | 10-listen-on-ipv6-by-default.sh: info: Getting the checksum of /etc/nginx/conf.d/default.conf
dashboard-1      | 10-listen-on-ipv6-by-default.sh: info: /etc/nginx/conf.d/default.conf differs from the packaged version
dashboard-1      | /docker-entrypoint.sh: Sourcing /docker-entrypoint.d/15-local-resolvers.envsh
dashboard-1      | /docker-entrypoint.sh: Launching /docker-entrypoint.d/20-envsubst-on-templates.sh
dashboard-1      | /docker-entrypoint.sh: Launching /docker-entrypoint.d/30-tune-worker-processes.sh
dashboard-1      | /docker-entrypoint.sh: Configuration complete; ready for start up
dashboard-1      | 2025/11/24 16:29:47 [notice] 1#1: using the "epoll" event method
dashboard-1      | 2025/11/24 16:29:47 [notice] 1#1: nginx/1.28.0
dashboard-1      | 2025/11/24 16:29:47 [notice] 1#1: built by gcc 14.2.0 (Alpine 14.2.0) 
dashboard-1      | 2025/11/24 16:29:47 [notice] 1#1: OS: Linux 6.12.0-160000.5-default
dashboard-1      | 2025/11/24 16:29:47 [notice] 1#1: getrlimit(RLIMIT_NOFILE): 1048576:1048576
dashboard-1      | 2025/11/24 16:29:47 [notice] 1#1: start worker processes
dashboard-1      | 2025/11/24 16:29:47 [notice] 1#1: start worker process 29
dashboard-1      | 2025/11/24 16:29:47 [notice] 1#1: start worker process 30
dashboard-1      | 2025/11/24 16:29:47 [notice] 1#1: start worker process 31
dashboard-1      | 2025/11/24 16:29:47 [notice] 1#1: start worker process 32
dashboard-1      | 2025/11/24 16:29:47 [notice] 1#1: start worker process 33
dashboard-1      | 2025/11/24 16:29:47 [notice] 1#1: start worker process 34
dashboard-1      | 2025/11/24 16:29:47 [notice] 1#1: start worker process 35
dashboard-1      | 2025/11/24 16:29:47 [notice] 1#1: start worker process 36
dashboard-1      | 2025/11/24 16:29:47 [notice] 1#1: start worker process 37
dashboard-1      | 2025/11/24 16:29:47 [notice] 1#1: start worker process 38
dashboard-1      | 2025/11/24 16:29:47 [notice] 1#1: start worker process 39
dashboard-1      | 2025/11/24 16:29:47 [notice] 1#1: start worker process 40
suricata-1       | Notice: suricata: This is Suricata version 8.0.2 RELEASE running in SYSTEM mode
suricata-1       | Info: cpu: CPUs/cores online: 12
suricata-1       | Info: suricata: Setting engine mode to IDS mode by default
suricata-1       | Info: suricata: Preparing unexpected signal handling
suricata-1       | Info: suricata: No 'host-mode': suricata is in IDS mode, using default setting 'sniffer-only'
suricata-1       | Warning: counters: global stats config is missing. Stats enabled through legacy stats.log. See https://docs.suricata.io/en/suricata-8.0.2/configuration/suricata-yaml.html#stats
suricata-1       | Info: logopenfile: eve-log output device (regular) initialized: eve.json
suricata-1       | Info: logopenfile: fast output device (regular) initialized: fast.log
suricata-1       | Info: logopenfile: stats output device (regular) initialized: stats.log
dashboard-1      | 172.20.0.1 - - [24/Nov/2025:16:29:48 +0000] "GET / HTTP/1.1" 200 456 "-" "curl/8.2.1" "-"
elasticsearch-1  | Nov 24, 2025 4:29:48 PM sun.util.locale.provider.LocaleProviderAdapter <clinit>
elasticsearch-1  | WARNING: COMPAT locale provider will be removed in a future release
elasticsearch-1  | {"@timestamp":"2025-11-24T16:29:49.674Z", "log.level": "INFO", "message":"Java vector incubator API enabled; uses preferredBitSize=256", "ecs.version": "1.2.0","service.name":"ES_ECS","event.dataset":"elasticsearch.server","process.thread.name":"main","log.logger":"org.apache.lucene.internal.vectorization.PanamaVectorizationProvider","elasticsearch.node.name":"e0ea47396b0a","elasticsearch.cluster.name":"docker-cluster"}
mock-backend-1   | Client connected to SSE stream
elasticsearch-1  | {"@timestamp":"2025-11-24T16:29:50.298Z", "log.level": "INFO", "message":"version[8.11.0], pid[67], build[docker/d9ec3fa628c7b0ba3d25692e277ba26814820b20/2023-11-04T10:04:57.184859352Z], OS[Linux/6.12.0-160000.5-default/amd64], JVM[Oracle Corporation/OpenJDK 64-Bit Server VM/21.0.1/21.0.1+12-29]", "ecs.version": "1.2.0","service.name":"ES_ECS","event.dataset":"elasticsearch.server","process.thread.name":"main","log.logger":"org.elasticsearch.node.Node","elasticsearch.node.name":"e0ea47396b0a","elasticsearch.cluster.name":"docker-cluster"}
elasticsearch-1  | {"@timestamp":"2025-11-24T16:29:50.299Z", "log.level": "INFO", "message":"JVM home [/usr/share/elasticsearch/jdk], using bundled JDK [true]", "ecs.version": "1.2.0","service.name":"ES_ECS","event.dataset":"elasticsearch.server","process.thread.name":"main","log.logger":"org.elasticsearch.node.Node","elasticsearch.node.name":"e0ea47396b0a","elasticsearch.cluster.name":"docker-cluster"}
elasticsearch-1  | {"@timestamp":"2025-11-24T16:29:50.299Z", "log.level": "INFO", "message":"JVM arguments [-Des.networkaddress.cache.ttl=60, -Des.networkaddress.cache.negative.ttl=10, -Djava.security.manager=allow, -XX:+AlwaysPreTouch, -Xss1m, -Djava.awt.headless=true, -Dfile.encoding=UTF-8, -Djna.nosys=true, -XX:-OmitStackTraceInFastThrow, -Dio.netty.noUnsafe=true, -Dio.netty.noKeySetOptimization=true, -Dio.netty.recycler.maxCapacityPerThread=0, -Dlog4j.shutdownHookEnabled=false, -Dlog4j2.disable.jmx=true, -Dlog4j2.formatMsgNoLookups=true, -Djava.locale.providers=SPI,COMPAT, --add-opens=java.base/java.io=org.elasticsearch.preallocate, -Des.cgroups.hierarchy.override=/, -XX:+UseG1GC, -Djava.io.tmpdir=/tmp/elasticsearch-12738126668648250179, --add-modules=jdk.incubator.vector, -XX:+HeapDumpOnOutOfMemoryError, -XX:+ExitOnOutOfMemoryError, -XX:HeapDumpPath=data, -XX:ErrorFile=logs/hs_err_pid%p.log, -Xlog:gc*,gc+age=trace,safepoint:file=logs/gc.log:utctime,level,pid,tags:filecount=32,filesize=64m, -Xms512m, -Xmx512m, -XX:MaxDirectMemorySize=268435456, -XX:G1HeapRegionSize=4m, -XX:InitiatingHeapOccupancyPercent=30, -XX:G1ReservePercent=15, -Des.distribution.type=docker, --module-path=/usr/share/elasticsearch/lib, --add-modules=jdk.net, --add-modules=ALL-MODULE-PATH, -Djdk.module.main=org.elasticsearch.server]", "ecs.version": "1.2.0","service.name":"ES_ECS","event.dataset":"elasticsearch.server","process.thread.name":"main","log.logger":"org.elasticsearch.node.Node","elasticsearch.node.name":"e0ea47396b0a","elasticsearch.cluster.name":"docker-cluster"}
dashboard-1      | 172.20.0.1 - - [24/Nov/2025:16:29:50 +0000] "GET / HTTP/1.1" 200 456 "-" "curl/8.2.1" "-"
dashboard-1      | 172.20.0.1 - - [24/Nov/2025:16:29:52 +0000] "GET / HTTP/1.1" 200 456 "-" "curl/8.2.1" "-"
elasticsearch-1  | {"@timestamp":"2025-11-24T16:29:53.098Z", "log.level": "INFO", "message":"loaded module [repository-url]", "ecs.version": "1.2.0","service.name":"ES_ECS","event.dataset":"elasticsearch.server","process.thread.name":"main","log.logger":"org.elasticsearch.plugins.PluginsService","elasticsearch.node.name":"e0ea47396b0a","elasticsearch.cluster.name":"docker-cluster"}
elasticsearch-1  | {"@timestamp":"2025-11-24T16:29:53.099Z", "log.level": "INFO", "message":"loaded module [rest-root]", "ecs.version": "1.2.0","service.name":"ES_ECS","event.dataset":"elasticsearch.server","process.thread.name":"main","log.logger":"org.elasticsearch.plugins.PluginsService","elasticsearch.node.name":"e0ea47396b0a","elasticsearch.cluster.name":"docker-cluster"}
elasticsearch-1  | {"@timestamp":"2025-11-24T16:29:53.099Z", "log.level": "INFO", "message":"loaded module [x-pack-core]", "ecs.version": "1.2.0","service.name":"ES_ECS","event.dataset":"elasticsearch.server","process.thread.name":"main","log.logger":"org.elasticsearch.plugins.PluginsService","elasticsearch.node.name":"e0ea47396b0a","elasticsearch.cluster.name":"docker-cluster"}
elasticsearch-1  | {"@timestamp":"2025-11-24T16:29:53.099Z", "log.level": "INFO", "message":"loaded module [x-pack-redact]", "ecs.version": "1.2.0","service.name":"ES_ECS","event.dataset":"elasticsearch.server","process.thread.name":"main","log.logger":"org.elasticsearch.plugins.PluginsService","elasticsearch.node.name":"e0ea47396b0a","elasticsearch.cluster.name":"docker-cluster"}
elasticsearch-1  | {"@timestamp":"2025-11-24T16:29:53.099Z", "log.level": "INFO", "message":"loaded module [ingest-user-agent]", "ecs.version": "1.2.0","service.name":"ES_ECS","event.dataset":"elasticsearch.server","process.thread.name":"main","log.logger":"org.elasticsearch.plugins.PluginsService","elasticsearch.node.name":"e0ea47396b0a","elasticsearch.cluster.name":"docker-cluster"}
elasticsearch-1  | {"@timestamp":"2025-11-24T16:29:53.099Z", "log.level": "INFO", "message":"loaded module [x-pack-async-search]", "ecs.version": "1.2.0","service.name":"ES_ECS","event.dataset":"elasticsearch.server","process.thread.name":"main","log.logger":"org.elasticsearch.plugins.PluginsService","elasticsearch.node.name":"e0ea47396b0a","elasticsearch.cluster.name":"docker-cluster"}
elasticsearch-1  | {"@timestamp":"2025-11-24T16:29:53.099Z", "log.level": "INFO", "message":"loaded module [x-pack-monitoring]", "ecs.version": "1.2.0","service.name":"ES_ECS","event.dataset":"elasticsearch.server","process.thread.name":"main","log.logger":"org.elasticsearch.plugins.PluginsService","elasticsearch.node.name":"e0ea47396b0a","elasticsearch.cluster.name":"docker-cluster"}
elasticsearch-1  | {"@timestamp":"2025-11-24T16:29:53.099Z", "log.level": "INFO", "message":"loaded module [repository-s3]", "ecs.version": "1.2.0","service.name":"ES_ECS","event.dataset":"elasticsearch.server","process.thread.name":"main","log.logger":"org.elasticsearch.plugins.PluginsService","elasticsearch.node.name":"e0ea47396b0a","elasticsearch.cluster.name":"docker-cluster"}
elasticsearch-1  | {"@timestamp":"2025-11-24T16:29:53.100Z", "log.level": "INFO", "message":"loaded module [x-pack-analytics]", "ecs.version": "1.2.0","service.name":"ES_ECS","event.dataset":"elasticsearch.server","process.thread.name":"main","log.logger":"org.elasticsearch.plugins.PluginsService","elasticsearch.node.name":"e0ea47396b0a","elasticsearch.cluster.name":"docker-cluster"}
elasticsearch-1  | {"@timestamp":"2025-11-24T16:29:53.100Z", "log.level": "INFO", "message":"loaded module [x-pack-ent-search]", "ecs.version": "1.2.0","service.name":"ES_ECS","event.dataset":"elasticsearch.server","process.thread.name":"main","log.logger":"org.elasticsearch.plugins.PluginsService","elasticsearch.node.name":"e0ea47396b0a","elasticsearch.cluster.name":"docker-cluster"}
elasticsearch-1  | {"@timestamp":"2025-11-24T16:29:53.100Z", "log.level": "INFO", "message":"loaded module [x-pack-autoscaling]", "ecs.version": "1.2.0","service.name":"ES_ECS","event.dataset":"elasticsearch.server","process.thread.name":"main","log.logger":"org.elasticsearch.plugins.PluginsService","elasticsearch.node.name":"e0ea47396b0a","elasticsearch.cluster.name":"docker-cluster"}
elasticsearch-1  | {"@timestamp":"2025-11-24T16:29:53.100Z", "log.level": "INFO", "message":"loaded module [lang-painless]", "ecs.version": "1.2.0","service.name":"ES_ECS","event.dataset":"elasticsearch.server","process.thread.name":"main","log.logger":"org.elasticsearch.plugins.PluginsService","elasticsearch.node.name":"e0ea47396b0a","elasticsearch.cluster.name":"docker-cluster"}
elasticsearch-1  | {"@timestamp":"2025-11-24T16:29:53.100Z", "log.level": "INFO", "message":"loaded module [x-pack-ml]", "ecs.version": "1.2.0","service.name":"ES_ECS","event.dataset":"elasticsearch.server","process.thread.name":"main","log.logger":"org.elasticsearch.plugins.PluginsService","elasticsearch.node.name":"e0ea47396b0a","elasticsearch.cluster.name":"docker-cluster"}
elasticsearch-1  | {"@timestamp":"2025-11-24T16:29:53.100Z", "log.level": "INFO", "message":"loaded module [lang-mustache]", "ecs.version": "1.2.0","service.name":"ES_ECS","event.dataset":"elasticsearch.server","process.thread.name":"main","log.logger":"org.elasticsearch.plugins.PluginsService","elasticsearch.node.name":"e0ea47396b0a","elasticsearch.cluster.name":"docker-cluster"}
elasticsearch-1  | {"@timestamp":"2025-11-24T16:29:53.100Z", "log.level": "INFO", "message":"loaded module [legacy-geo]", "ecs.version": "1.2.0","service.name":"ES_ECS","event.dataset":"elasticsearch.server","process.thread.name":"main","log.logger":"org.elasticsearch.plugins.PluginsService","elasticsearch.node.name":"e0ea47396b0a","elasticsearch.cluster.name":"docker-cluster"}
elasticsearch-1  | {"@timestamp":"2025-11-24T16:29:53.100Z", "log.level": "INFO", "message":"loaded module [x-pack-ql]", "ecs.version": "1.2.0","service.name":"ES_ECS","event.dataset":"elasticsearch.server","process.thread.name":"main","log.logger":"org.elasticsearch.plugins.PluginsService","elasticsearch.node.name":"e0ea47396b0a","elasticsearch.cluster.name":"docker-cluster"}
elasticsearch-1  | {"@timestamp":"2025-11-24T16:29:53.101Z", "log.level": "INFO", "message":"loaded module [rank-rrf]", "ecs.version": "1.2.0","service.name":"ES_ECS","event.dataset":"elasticsearch.server","process.thread.name":"main","log.logger":"org.elasticsearch.plugins.PluginsService","elasticsearch.node.name":"e0ea47396b0a","elasticsearch.cluster.name":"docker-cluster"}
elasticsearch-1  | {"@timestamp":"2025-11-24T16:29:53.101Z", "log.level": "INFO", "message":"loaded module [analysis-common]", "ecs.version": "1.2.0","service.name":"ES_ECS","event.dataset":"elasticsearch.server","process.thread.name":"main","log.logger":"org.elasticsearch.plugins.PluginsService","elasticsearch.node.name":"e0ea47396b0a","elasticsearch.cluster.name":"docker-cluster"}
elasticsearch-1  | {"@timestamp":"2025-11-24T16:29:53.101Z", "log.level": "INFO", "message":"loaded module [transport-netty4]", "ecs.version": "1.2.0","service.name":"ES_ECS","event.dataset":"elasticsearch.server","process.thread.name":"main","log.logger":"org.elasticsearch.plugins.PluginsService","elasticsearch.node.name":"e0ea47396b0a","elasticsearch.cluster.name":"docker-cluster"}
elasticsearch-1  | {"@timestamp":"2025-11-24T16:29:53.101Z", "log.level": "INFO", "message":"loaded module [aggregations]", "ecs.version": "1.2.0","service.name":"ES_ECS","event.dataset":"elasticsearch.server","process.thread.name":"main","log.logger":"org.elasticsearch.plugins.PluginsService","elasticsearch.node.name":"e0ea47396b0a","elasticsearch.cluster.name":"docker-cluster"}
elasticsearch-1  | {"@timestamp":"2025-11-24T16:29:53.101Z", "log.level": "INFO", "message":"loaded module [ingest-common]", "ecs.version": "1.2.0","service.name":"ES_ECS","event.dataset":"elasticsearch.server","process.thread.name":"main","log.logger":"org.elasticsearch.plugins.PluginsService","elasticsearch.node.name":"e0ea47396b0a","elasticsearch.cluster.name":"docker-cluster"}
elasticsearch-1  | {"@timestamp":"2025-11-24T16:29:53.101Z", "log.level": "INFO", "message":"loaded module [frozen-indices]", "ecs.version": "1.2.0","service.name":"ES_ECS","event.dataset":"elasticsearch.server","process.thread.name":"main","log.logger":"org.elasticsearch.plugins.PluginsService","elasticsearch.node.name":"e0ea47396b0a","elasticsearch.cluster.name":"docker-cluster"}
elasticsearch-1  | {"@timestamp":"2025-11-24T16:29:53.101Z", "log.level": "INFO", "message":"loaded module [x-pack-identity-provider]", "ecs.version": "1.2.0","service.name":"ES_ECS","event.dataset":"elasticsearch.server","process.thread.name":"main","log.logger":"org.elasticsearch.plugins.PluginsService","elasticsearch.node.name":"e0ea47396b0a","elasticsearch.cluster.name":"docker-cluster"}
elasticsearch-1  | {"@timestamp":"2025-11-24T16:29:53.101Z", "log.level": "INFO", "message":"loaded module [x-pack-shutdown]", "ecs.version": "1.2.0","service.name":"ES_ECS","event.dataset":"elasticsearch.server","process.thread.name":"main","log.logger":"org.elasticsearch.plugins.PluginsService","elasticsearch.node.name":"e0ea47396b0a","elasticsearch.cluster.name":"docker-cluster"}
elasticsearch-1  | {"@timestamp":"2025-11-24T16:29:53.102Z", "log.level": "INFO", "message":"loaded module [x-pack-text-structure]", "ecs.version": "1.2.0","service.name":"ES_ECS","event.dataset":"elasticsearch.server","process.thread.name":"main","log.logger":"org.elasticsearch.plugins.PluginsService","elasticsearch.node.name":"e0ea47396b0a","elasticsearch.cluster.name":"docker-cluster"}
elasticsearch-1  | {"@timestamp":"2025-11-24T16:29:53.102Z", "log.level": "INFO", "message":"loaded module [snapshot-repo-test-kit]", "ecs.version": "1.2.0","service.name":"ES_ECS","event.dataset":"elasticsearch.server","process.thread.name":"main","log.logger":"org.elasticsearch.plugins.PluginsService","elasticsearch.node.name":"e0ea47396b0a","elasticsearch.cluster.name":"docker-cluster"}
elasticsearch-1  | {"@timestamp":"2025-11-24T16:29:53.102Z", "log.level": "INFO", "message":"loaded module [ml-package-loader]", "ecs.version": "1.2.0","service.name":"ES_ECS","event.dataset":"elasticsearch.server","process.thread.name":"main","log.logger":"org.elasticsearch.plugins.PluginsService","elasticsearch.node.name":"e0ea47396b0a","elasticsearch.cluster.name":"docker-cluster"}
elasticsearch-1  | {"@timestamp":"2025-11-24T16:29:53.102Z", "log.level": "INFO", "message":"loaded module [kibana]", "ecs.version": "1.2.0","service.name":"ES_ECS","event.dataset":"elasticsearch.server","process.thread.name":"main","log.logger":"org.elasticsearch.plugins.PluginsService","elasticsearch.node.name":"e0ea47396b0a","elasticsearch.cluster.name":"docker-cluster"}
elasticsearch-1  | {"@timestamp":"2025-11-24T16:29:53.102Z", "log.level": "INFO", "message":"loaded module [constant-keyword]", "ecs.version": "1.2.0","service.name":"ES_ECS","event.dataset":"elasticsearch.server","process.thread.name":"main","log.logger":"org.elasticsearch.plugins.PluginsService","elasticsearch.node.name":"e0ea47396b0a","elasticsearch.cluster.name":"docker-cluster"}
elasticsearch-1  | {"@timestamp":"2025-11-24T16:29:53.102Z", "log.level": "INFO", "message":"loaded module [x-pack-logstash]", "ecs.version": "1.2.0","service.name":"ES_ECS","event.dataset":"elasticsearch.server","process.thread.name":"main","log.logger":"org.elasticsearch.plugins.PluginsService","elasticsearch.node.name":"e0ea47396b0a","elasticsearch.cluster.name":"docker-cluster"}
elasticsearch-1  | {"@timestamp":"2025-11-24T16:29:53.102Z", "log.level": "INFO", "message":"loaded module [x-pack-ccr]", "ecs.version": "1.2.0","service.name":"ES_ECS","event.dataset":"elasticsearch.server","process.thread.name":"main","log.logger":"org.elasticsearch.plugins.PluginsService","elasticsearch.node.name":"e0ea47396b0a","elasticsearch.cluster.name":"docker-cluster"}
elasticsearch-1  | {"@timestamp":"2025-11-24T16:29:53.102Z", "log.level": "INFO", "message":"loaded module [x-pack-graph]", "ecs.version": "1.2.0","service.name":"ES_ECS","event.dataset":"elasticsearch.server","process.thread.name":"main","log.logger":"org.elasticsearch.plugins.PluginsService","elasticsearch.node.name":"e0ea47396b0a","elasticsearch.cluster.name":"docker-cluster"}
elasticsearch-1  | {"@timestamp":"2025-11-24T16:29:53.102Z", "log.level": "INFO", "message":"loaded module [x-pack-esql]", "ecs.version": "1.2.0","service.name":"ES_ECS","event.dataset":"elasticsearch.server","process.thread.name":"main","log.logger":"org.elasticsearch.plugins.PluginsService","elasticsearch.node.name":"e0ea47396b0a","elasticsearch.cluster.name":"docker-cluster"}
elasticsearch-1  | {"@timestamp":"2025-11-24T16:29:53.103Z", "log.level": "INFO", "message":"loaded module [parent-join]", "ecs.version": "1.2.0","service.name":"ES_ECS","event.dataset":"elasticsearch.server","process.thread.name":"main","log.logger":"org.elasticsearch.plugins.PluginsService","elasticsearch.node.name":"e0ea47396b0a","elasticsearch.cluster.name":"docker-cluster"}
elasticsearch-1  | {"@timestamp":"2025-11-24T16:29:53.103Z", "log.level": "INFO", "message":"loaded module [x-pack-enrich]", "ecs.version": "1.2.0","service.name":"ES_ECS","event.dataset":"elasticsearch.server","process.thread.name":"main","log.logger":"org.elasticsearch.plugins.PluginsService","elasticsearch.node.name":"e0ea47396b0a","elasticsearch.cluster.name":"docker-cluster"}
elasticsearch-1  | {"@timestamp":"2025-11-24T16:29:53.103Z", "log.level": "INFO", "message":"loaded module [repositories-metering-api]", "ecs.version": "1.2.0","service.name":"ES_ECS","event.dataset":"elasticsearch.server","process.thread.name":"main","log.logger":"org.elasticsearch.plugins.PluginsService","elasticsearch.node.name":"e0ea47396b0a","elasticsearch.cluster.name":"docker-cluster"}
elasticsearch-1  | {"@timestamp":"2025-11-24T16:29:53.103Z", "log.level": "INFO", "message":"loaded module [transform]", "ecs.version": "1.2.0","service.name":"ES_ECS","event.dataset":"elasticsearch.server","process.thread.name":"main","log.logger":"org.elasticsearch.plugins.PluginsService","elasticsearch.node.name":"e0ea47396b0a","elasticsearch.cluster.name":"docker-cluster"}
elasticsearch-1  | {"@timestamp":"2025-11-24T16:29:53.103Z", "log.level": "INFO", "message":"loaded module [repository-azure]", "ecs.version": "1.2.0","service.name":"ES_ECS","event.dataset":"elasticsearch.server","process.thread.name":"main","log.logger":"org.elasticsearch.plugins.PluginsService","elasticsearch.node.name":"e0ea47396b0a","elasticsearch.cluster.name":"docker-cluster"}
elasticsearch-1  | {"@timestamp":"2025-11-24T16:29:53.103Z", "log.level": "INFO", "message":"loaded module [repository-gcs]", "ecs.version": "1.2.0","service.name":"ES_ECS","event.dataset":"elasticsearch.server","process.thread.name":"main","log.logger":"org.elasticsearch.plugins.PluginsService","elasticsearch.node.name":"e0ea47396b0a","elasticsearch.cluster.name":"docker-cluster"}
elasticsearch-1  | {"@timestamp":"2025-11-24T16:29:53.103Z", "log.level": "INFO", "message":"loaded module [spatial]", "ecs.version": "1.2.0","service.name":"ES_ECS","event.dataset":"elasticsearch.server","process.thread.name":"main","log.logger":"org.elasticsearch.plugins.PluginsService","elasticsearch.node.name":"e0ea47396b0a","elasticsearch.cluster.name":"docker-cluster"}
elasticsearch-1  | {"@timestamp":"2025-11-24T16:29:53.103Z", "log.level": "INFO", "message":"loaded module [apm]", "ecs.version": "1.2.0","service.name":"ES_ECS","event.dataset":"elasticsearch.server","process.thread.name":"main","log.logger":"org.elasticsearch.plugins.PluginsService","elasticsearch.node.name":"e0ea47396b0a","elasticsearch.cluster.name":"docker-cluster"}
elasticsearch-1  | {"@timestamp":"2025-11-24T16:29:53.103Z", "log.level": "INFO", "message":"loaded module [mapper-extras]", "ecs.version": "1.2.0","service.name":"ES_ECS","event.dataset":"elasticsearch.server","process.thread.name":"main","log.logger":"org.elasticsearch.plugins.PluginsService","elasticsearch.node.name":"e0ea47396b0a","elasticsearch.cluster.name":"docker-cluster"}
elasticsearch-1  | {"@timestamp":"2025-11-24T16:29:53.103Z", "log.level": "INFO", "message":"loaded module [mapper-version]", "ecs.version": "1.2.0","service.name":"ES_ECS","event.dataset":"elasticsearch.server","process.thread.name":"main","log.logger":"org.elasticsearch.plugins.PluginsService","elasticsearch.node.name":"e0ea47396b0a","elasticsearch.cluster.name":"docker-cluster"}
elasticsearch-1  | {"@timestamp":"2025-11-24T16:29:53.104Z", "log.level": "INFO", "message":"loaded module [x-pack-rollup]", "ecs.version": "1.2.0","service.name":"ES_ECS","event.dataset":"elasticsearch.server","process.thread.name":"main","log.logger":"org.elasticsearch.plugins.PluginsService","elasticsearch.node.name":"e0ea47396b0a","elasticsearch.cluster.name":"docker-cluster"}
elasticsearch-1  | {"@timestamp":"2025-11-24T16:29:53.104Z", "log.level": "INFO", "message":"loaded module [percolator]", "ecs.version": "1.2.0","service.name":"ES_ECS","event.dataset":"elasticsearch.server","process.thread.name":"main","log.logger":"org.elasticsearch.plugins.PluginsService","elasticsearch.node.name":"e0ea47396b0a","elasticsearch.cluster.name":"docker-cluster"}
elasticsearch-1  | {"@timestamp":"2025-11-24T16:29:53.104Z", "log.level": "INFO", "message":"loaded module [data-streams]", "ecs.version": "1.2.0","service.name":"ES_ECS","event.dataset":"elasticsearch.server","process.thread.name":"main","log.logger":"org.elasticsearch.plugins.PluginsService","elasticsearch.node.name":"e0ea47396b0a","elasticsearch.cluster.name":"docker-cluster"}
elasticsearch-1  | {"@timestamp":"2025-11-24T16:29:53.104Z", "log.level": "INFO", "message":"loaded module [x-pack-stack]", "ecs.version": "1.2.0","service.name":"ES_ECS","event.dataset":"elasticsearch.server","process.thread.name":"main","log.logger":"org.elasticsearch.plugins.PluginsService","elasticsearch.node.name":"e0ea47396b0a","elasticsearch.cluster.name":"docker-cluster"}
elasticsearch-1  | {"@timestamp":"2025-11-24T16:29:53.104Z", "log.level": "INFO", "message":"loaded module [rank-eval]", "ecs.version": "1.2.0","service.name":"ES_ECS","event.dataset":"elasticsearch.server","process.thread.name":"main","log.logger":"org.elasticsearch.plugins.PluginsService","elasticsearch.node.name":"e0ea47396b0a","elasticsearch.cluster.name":"docker-cluster"}
elasticsearch-1  | {"@timestamp":"2025-11-24T16:29:53.104Z", "log.level": "INFO", "message":"loaded module [reindex]", "ecs.version": "1.2.0","service.name":"ES_ECS","event.dataset":"elasticsearch.server","process.thread.name":"main","log.logger":"org.elasticsearch.plugins.PluginsService","elasticsearch.node.name":"e0ea47396b0a","elasticsearch.cluster.name":"docker-cluster"}
elasticsearch-1  | {"@timestamp":"2025-11-24T16:29:53.104Z", "log.level": "INFO", "message":"loaded module [x-pack-security]", "ecs.version": "1.2.0","service.name":"ES_ECS","event.dataset":"elasticsearch.server","process.thread.name":"main","log.logger":"org.elasticsearch.plugins.PluginsService","elasticsearch.node.name":"e0ea47396b0a","elasticsearch.cluster.name":"docker-cluster"}
elasticsearch-1  | {"@timestamp":"2025-11-24T16:29:53.104Z", "log.level": "INFO", "message":"loaded module [blob-cache]", "ecs.version": "1.2.0","service.name":"ES_ECS","event.dataset":"elasticsearch.server","process.thread.name":"main","log.logger":"org.elasticsearch.plugins.PluginsService","elasticsearch.node.name":"e0ea47396b0a","elasticsearch.cluster.name":"docker-cluster"}
elasticsearch-1  | {"@timestamp":"2025-11-24T16:29:53.105Z", "log.level": "INFO", "message":"loaded module [searchable-snapshots]", "ecs.version": "1.2.0","service.name":"ES_ECS","event.dataset":"elasticsearch.server","process.thread.name":"main","log.logger":"org.elasticsearch.plugins.PluginsService","elasticsearch.node.name":"e0ea47396b0a","elasticsearch.cluster.name":"docker-cluster"}
elasticsearch-1  | {"@timestamp":"2025-11-24T16:29:53.105Z", "log.level": "INFO", "message":"loaded module [x-pack-slm]", "ecs.version": "1.2.0","service.name":"ES_ECS","event.dataset":"elasticsearch.server","process.thread.name":"main","log.logger":"org.elasticsearch.plugins.PluginsService","elasticsearch.node.name":"e0ea47396b0a","elasticsearch.cluster.name":"docker-cluster"}
elasticsearch-1  | {"@timestamp":"2025-11-24T16:29:53.105Z", "log.level": "INFO", "message":"loaded module [snapshot-based-recoveries]", "ecs.version": "1.2.0","service.name":"ES_ECS","event.dataset":"elasticsearch.server","process.thread.name":"main","log.logger":"org.elasticsearch.plugins.PluginsService","elasticsearch.node.name":"e0ea47396b0a","elasticsearch.cluster.name":"docker-cluster"}
elasticsearch-1  | {"@timestamp":"2025-11-24T16:29:53.105Z", "log.level": "INFO", "message":"loaded module [x-pack-watcher]", "ecs.version": "1.2.0","service.name":"ES_ECS","event.dataset":"elasticsearch.server","process.thread.name":"main","log.logger":"org.elasticsearch.plugins.PluginsService","elasticsearch.node.name":"e0ea47396b0a","elasticsearch.cluster.name":"docker-cluster"}
elasticsearch-1  | {"@timestamp":"2025-11-24T16:29:53.105Z", "log.level": "INFO", "message":"loaded module [old-lucene-versions]", "ecs.version": "1.2.0","service.name":"ES_ECS","event.dataset":"elasticsearch.server","process.thread.name":"main","log.logger":"org.elasticsearch.plugins.PluginsService","elasticsearch.node.name":"e0ea47396b0a","elasticsearch.cluster.name":"docker-cluster"}
elasticsearch-1  | {"@timestamp":"2025-11-24T16:29:53.105Z", "log.level": "INFO", "message":"loaded module [x-pack-ilm]", "ecs.version": "1.2.0","service.name":"ES_ECS","event.dataset":"elasticsearch.server","process.thread.name":"main","log.logger":"org.elasticsearch.plugins.PluginsService","elasticsearch.node.name":"e0ea47396b0a","elasticsearch.cluster.name":"docker-cluster"}
elasticsearch-1  | {"@timestamp":"2025-11-24T16:29:53.105Z", "log.level": "INFO", "message":"loaded module [x-pack-voting-only-node]", "ecs.version": "1.2.0","service.name":"ES_ECS","event.dataset":"elasticsearch.server","process.thread.name":"main","log.logger":"org.elasticsearch.plugins.PluginsService","elasticsearch.node.name":"e0ea47396b0a","elasticsearch.cluster.name":"docker-cluster"}
elasticsearch-1  | {"@timestamp":"2025-11-24T16:29:53.105Z", "log.level": "INFO", "message":"loaded module [x-pack-deprecation]", "ecs.version": "1.2.0","service.name":"ES_ECS","event.dataset":"elasticsearch.server","process.thread.name":"main","log.logger":"org.elasticsearch.plugins.PluginsService","elasticsearch.node.name":"e0ea47396b0a","elasticsearch.cluster.name":"docker-cluster"}
elasticsearch-1  | {"@timestamp":"2025-11-24T16:29:53.105Z", "log.level": "INFO", "message":"loaded module [x-pack-fleet]", "ecs.version": "1.2.0","service.name":"ES_ECS","event.dataset":"elasticsearch.server","process.thread.name":"main","log.logger":"org.elasticsearch.plugins.PluginsService","elasticsearch.node.name":"e0ea47396b0a","elasticsearch.cluster.name":"docker-cluster"}
elasticsearch-1  | {"@timestamp":"2025-11-24T16:29:53.105Z", "log.level": "INFO", "message":"loaded module [x-pack-aggregate-metric]", "ecs.version": "1.2.0","service.name":"ES_ECS","event.dataset":"elasticsearch.server","process.thread.name":"main","log.logger":"org.elasticsearch.plugins.PluginsService","elasticsearch.node.name":"e0ea47396b0a","elasticsearch.cluster.name":"docker-cluster"}
elasticsearch-1  | {"@timestamp":"2025-11-24T16:29:53.106Z", "log.level": "INFO", "message":"loaded module [x-pack-downsample]", "ecs.version": "1.2.0","service.name":"ES_ECS","event.dataset":"elasticsearch.server","process.thread.name":"main","log.logger":"org.elasticsearch.plugins.PluginsService","elasticsearch.node.name":"e0ea47396b0a","elasticsearch.cluster.name":"docker-cluster"}
elasticsearch-1  | {"@timestamp":"2025-11-24T16:29:53.106Z", "log.level": "INFO", "message":"loaded module [x-pack-profiling]", "ecs.version": "1.2.0","service.name":"ES_ECS","event.dataset":"elasticsearch.server","process.thread.name":"main","log.logger":"org.elasticsearch.plugins.PluginsService","elasticsearch.node.name":"e0ea47396b0a","elasticsearch.cluster.name":"docker-cluster"}
elasticsearch-1  | {"@timestamp":"2025-11-24T16:29:53.106Z", "log.level": "INFO", "message":"loaded module [ingest-geoip]", "ecs.version": "1.2.0","service.name":"ES_ECS","event.dataset":"elasticsearch.server","process.thread.name":"main","log.logger":"org.elasticsearch.plugins.PluginsService","elasticsearch.node.name":"e0ea47396b0a","elasticsearch.cluster.name":"docker-cluster"}
elasticsearch-1  | {"@timestamp":"2025-11-24T16:29:53.106Z", "log.level": "INFO", "message":"loaded module [inference]", "ecs.version": "1.2.0","service.name":"ES_ECS","event.dataset":"elasticsearch.server","process.thread.name":"main","log.logger":"org.elasticsearch.plugins.PluginsService","elasticsearch.node.name":"e0ea47396b0a","elasticsearch.cluster.name":"docker-cluster"}
elasticsearch-1  | {"@timestamp":"2025-11-24T16:29:53.106Z", "log.level": "INFO", "message":"loaded module [x-pack-write-load-forecaster]", "ecs.version": "1.2.0","service.name":"ES_ECS","event.dataset":"elasticsearch.server","process.thread.name":"main","log.logger":"org.elasticsearch.plugins.PluginsService","elasticsearch.node.name":"e0ea47396b0a","elasticsearch.cluster.name":"docker-cluster"}
elasticsearch-1  | {"@timestamp":"2025-11-24T16:29:53.106Z", "log.level": "INFO", "message":"loaded module [search-business-rules]", "ecs.version": "1.2.0","service.name":"ES_ECS","event.dataset":"elasticsearch.server","process.thread.name":"main","log.logger":"org.elasticsearch.plugins.PluginsService","elasticsearch.node.name":"e0ea47396b0a","elasticsearch.cluster.name":"docker-cluster"}
elasticsearch-1  | {"@timestamp":"2025-11-24T16:29:53.106Z", "log.level": "INFO", "message":"loaded module [ingest-attachment]", "ecs.version": "1.2.0","service.name":"ES_ECS","event.dataset":"elasticsearch.server","process.thread.name":"main","log.logger":"org.elasticsearch.plugins.PluginsService","elasticsearch.node.name":"e0ea47396b0a","elasticsearch.cluster.name":"docker-cluster"}
elasticsearch-1  | {"@timestamp":"2025-11-24T16:29:53.106Z", "log.level": "INFO", "message":"loaded module [wildcard]", "ecs.version": "1.2.0","service.name":"ES_ECS","event.dataset":"elasticsearch.server","process.thread.name":"main","log.logger":"org.elasticsearch.plugins.PluginsService","elasticsearch.node.name":"e0ea47396b0a","elasticsearch.cluster.name":"docker-cluster"}
elasticsearch-1  | {"@timestamp":"2025-11-24T16:29:53.106Z", "log.level": "INFO", "message":"loaded module [unsigned-long]", "ecs.version": "1.2.0","service.name":"ES_ECS","event.dataset":"elasticsearch.server","process.thread.name":"main","log.logger":"org.elasticsearch.plugins.PluginsService","elasticsearch.node.name":"e0ea47396b0a","elasticsearch.cluster.name":"docker-cluster"}
elasticsearch-1  | {"@timestamp":"2025-11-24T16:29:53.106Z", "log.level": "INFO", "message":"loaded module [x-pack-sql]", "ecs.version": "1.2.0","service.name":"ES_ECS","event.dataset":"elasticsearch.server","process.thread.name":"main","log.logger":"org.elasticsearch.plugins.PluginsService","elasticsearch.node.name":"e0ea47396b0a","elasticsearch.cluster.name":"docker-cluster"}
elasticsearch-1  | {"@timestamp":"2025-11-24T16:29:53.107Z", "log.level": "INFO", "message":"loaded module [runtime-fields-common]", "ecs.version": "1.2.0","service.name":"ES_ECS","event.dataset":"elasticsearch.server","process.thread.name":"main","log.logger":"org.elasticsearch.plugins.PluginsService","elasticsearch.node.name":"e0ea47396b0a","elasticsearch.cluster.name":"docker-cluster"}
elasticsearch-1  | {"@timestamp":"2025-11-24T16:29:53.107Z", "log.level": "INFO", "message":"loaded module [x-pack-async]", "ecs.version": "1.2.0","service.name":"ES_ECS","event.dataset":"elasticsearch.server","process.thread.name":"main","log.logger":"org.elasticsearch.plugins.PluginsService","elasticsearch.node.name":"e0ea47396b0a","elasticsearch.cluster.name":"docker-cluster"}
elasticsearch-1  | {"@timestamp":"2025-11-24T16:29:53.107Z", "log.level": "INFO", "message":"loaded module [vector-tile]", "ecs.version": "1.2.0","service.name":"ES_ECS","event.dataset":"elasticsearch.server","process.thread.name":"main","log.logger":"org.elasticsearch.plugins.PluginsService","elasticsearch.node.name":"e0ea47396b0a","elasticsearch.cluster.name":"docker-cluster"}
elasticsearch-1  | {"@timestamp":"2025-11-24T16:29:53.107Z", "log.level": "INFO", "message":"loaded module [lang-expression]", "ecs.version": "1.2.0","service.name":"ES_ECS","event.dataset":"elasticsearch.server","process.thread.name":"main","log.logger":"org.elasticsearch.plugins.PluginsService","elasticsearch.node.name":"e0ea47396b0a","elasticsearch.cluster.name":"docker-cluster"}
elasticsearch-1  | {"@timestamp":"2025-11-24T16:29:53.107Z", "log.level": "INFO", "message":"loaded module [x-pack-eql]", "ecs.version": "1.2.0","service.name":"ES_ECS","event.dataset":"elasticsearch.server","process.thread.name":"main","log.logger":"org.elasticsearch.plugins.PluginsService","elasticsearch.node.name":"e0ea47396b0a","elasticsearch.cluster.name":"docker-cluster"}
dashboard-1      | 172.20.0.1 - - [24/Nov/2025:16:29:54 +0000] "GET / HTTP/1.1" 200 456 "-" "curl/8.2.1" "-"
elasticsearch-1  | {"@timestamp":"2025-11-24T16:29:55.337Z", "log.level": "INFO", "message":"using [1] data paths, mounts [[/usr/share/elasticsearch/data (/dev/nvme0n1p3)]], net usable_space [12.5gb], net total_space [56.5gb], types [btrfs]", "ecs.version": "1.2.0","service.name":"ES_ECS","event.dataset":"elasticsearch.server","process.thread.name":"main","log.logger":"org.elasticsearch.env.NodeEnvironment","elasticsearch.node.name":"e0ea47396b0a","elasticsearch.cluster.name":"docker-cluster"}
elasticsearch-1  | {"@timestamp":"2025-11-24T16:29:55.337Z", "log.level": "INFO", "message":"heap size [512mb], compressed ordinary object pointers [true]", "ecs.version": "1.2.0","service.name":"ES_ECS","event.dataset":"elasticsearch.server","process.thread.name":"main","log.logger":"org.elasticsearch.env.NodeEnvironment","elasticsearch.node.name":"e0ea47396b0a","elasticsearch.cluster.name":"docker-cluster"}
elasticsearch-1  | {"@timestamp":"2025-11-24T16:29:55.382Z", "log.level": "INFO", "message":"node name [e0ea47396b0a], node ID [gcr3PL6sQG6WCHGSCImqXQ], cluster name [docker-cluster], roles [ingest, data_frozen, ml, data_hot, transform, data_content, data_warm, master, remote_cluster_client, data, data_cold]", "ecs.version": "1.2.0","service.name":"ES_ECS","event.dataset":"elasticsearch.server","process.thread.name":"main","log.logger":"org.elasticsearch.node.Node","elasticsearch.node.name":"e0ea47396b0a","elasticsearch.cluster.name":"docker-cluster"}
suricata-1       | Info: detect: 1 rule files processed. 46580 rules successfully loaded, 0 rules failed, 0 rules skipped
suricata-1       | Info: threshold-config: Threshold config parsed: 0 rule(s) found
suricata-1       | Info: detect: 46583 signatures processed. 1059 are IP-only rules, 4422 are inspecting packet payload, 40869 inspect application layer, 110 are decoder event only
dashboard-1      | 172.20.0.1 - - [24/Nov/2025:16:29:56 +0000] "GET / HTTP/1.1" 200 456 "-" "curl/8.2.1" "-"
elasticsearch-1  | {"@timestamp":"2025-11-24T16:29:57.783Z", "log.level": "INFO", "message":"[controller/97] [Main.cc@123] controller (64 bit): Version 8.11.0 (Build e39a40d810307c) Copyright (c) 2023 Elasticsearch BV", "ecs.version": "1.2.0","service.name":"ES_ECS","event.dataset":"elasticsearch.server","process.thread.name":"ml-cpp-log-tail-thread","log.logger":"org.elasticsearch.xpack.ml.process.logging.CppLogMessageHandler","elasticsearch.node.name":"e0ea47396b0a","elasticsearch.cluster.name":"docker-cluster"}
elasticsearch-1  | {"@timestamp":"2025-11-24T16:29:58.002Z", "log.level": "INFO", "message":"Security is disabled", "ecs.version": "1.2.0","service.name":"ES_ECS","event.dataset":"elasticsearch.server","process.thread.name":"main","log.logger":"org.elasticsearch.xpack.security.Security","elasticsearch.node.name":"e0ea47396b0a","elasticsearch.cluster.name":"docker-cluster"}
elasticsearch-1  | {"@timestamp":"2025-11-24T16:29:58.236Z", "log.level": "INFO", "message":"Profiling is enabled", "ecs.version": "1.2.0","service.name":"ES_ECS","event.dataset":"elasticsearch.server","process.thread.name":"main","log.logger":"org.elasticsearch.xpack.profiling.ProfilingPlugin","elasticsearch.node.name":"e0ea47396b0a","elasticsearch.cluster.name":"docker-cluster"}
elasticsearch-1  | {"@timestamp":"2025-11-24T16:29:58.257Z", "log.level": "INFO", "message":"profiling index templates will not be installed or reinstalled", "ecs.version": "1.2.0","service.name":"ES_ECS","event.dataset":"elasticsearch.server","process.thread.name":"main","log.logger":"org.elasticsearch.xpack.profiling.ProfilingPlugin","elasticsearch.node.name":"e0ea47396b0a","elasticsearch.cluster.name":"docker-cluster"}
elasticsearch-1  | {"@timestamp":"2025-11-24T16:29:58.747Z", "log.level": "INFO", "message":"creating NettyAllocator with the following configs: [name=unpooled, suggested_max_allocation_size=1mb, factors={es.unsafe.use_unpooled_allocator=null, g1gc_enabled=true, g1gc_region_size=4mb, heap_size=512mb}]", "ecs.version": "1.2.0","service.name":"ES_ECS","event.dataset":"elasticsearch.server","process.thread.name":"main","log.logger":"org.elasticsearch.transport.netty4.NettyAllocator","elasticsearch.node.name":"e0ea47396b0a","elasticsearch.cluster.name":"docker-cluster"}
elasticsearch-1  | {"@timestamp":"2025-11-24T16:29:58.769Z", "log.level": "INFO", "message":"using rate limit [40mb] with [default=40mb, read=0b, write=0b, max=0b]", "ecs.version": "1.2.0","service.name":"ES_ECS","event.dataset":"elasticsearch.server","process.thread.name":"main","log.logger":"org.elasticsearch.indices.recovery.RecoverySettings","elasticsearch.node.name":"e0ea47396b0a","elasticsearch.cluster.name":"docker-cluster"}
elasticsearch-1  | {"@timestamp":"2025-11-24T16:29:58.807Z", "log.level": "INFO", "message":"using discovery type [single-node] and seed hosts providers [settings]", "ecs.version": "1.2.0","service.name":"ES_ECS","event.dataset":"elasticsearch.server","process.thread.name":"main","log.logger":"org.elasticsearch.discovery.DiscoveryModule","elasticsearch.node.name":"e0ea47396b0a","elasticsearch.cluster.name":"docker-cluster"}
dashboard-1      | 172.20.0.1 - - [24/Nov/2025:16:29:58 +0000] "GET / HTTP/1.1" 200 456 "-" "curl/8.2.1" "-"
elasticsearch-1  | {"@timestamp":"2025-11-24T16:30:00.021Z", "log.level": "INFO", "message":"initialized", "ecs.version": "1.2.0","service.name":"ES_ECS","event.dataset":"elasticsearch.server","process.thread.name":"main","log.logger":"org.elasticsearch.node.Node","elasticsearch.node.name":"e0ea47396b0a","elasticsearch.cluster.name":"docker-cluster"}
elasticsearch-1  | {"@timestamp":"2025-11-24T16:30:00.022Z", "log.level": "INFO", "message":"starting ...", "ecs.version": "1.2.0","service.name":"ES_ECS","event.dataset":"elasticsearch.server","process.thread.name":"main","log.logger":"org.elasticsearch.node.Node","elasticsearch.node.name":"e0ea47396b0a","elasticsearch.cluster.name":"docker-cluster"}
elasticsearch-1  | {"@timestamp":"2025-11-24T16:30:00.033Z", "log.level": "INFO", "message":"persistent cache index loaded", "ecs.version": "1.2.0","service.name":"ES_ECS","event.dataset":"elasticsearch.server","process.thread.name":"main","log.logger":"org.elasticsearch.xpack.searchablesnapshots.cache.full.PersistentCache","elasticsearch.node.name":"e0ea47396b0a","elasticsearch.cluster.name":"docker-cluster"}
elasticsearch-1  | {"@timestamp":"2025-11-24T16:30:00.034Z", "log.level": "INFO", "message":"deprecation component started", "ecs.version": "1.2.0","service.name":"ES_ECS","event.dataset":"elasticsearch.server","process.thread.name":"main","log.logger":"org.elasticsearch.xpack.deprecation.logging.DeprecationIndexingComponent","elasticsearch.node.name":"e0ea47396b0a","elasticsearch.cluster.name":"docker-cluster"}
elasticsearch-1  | {"@timestamp":"2025-11-24T16:30:00.119Z", "log.level": "INFO", "message":"publish_address {172.20.0.4:9300}, bound_addresses {[::]:9300}", "ecs.version": "1.2.0","service.name":"ES_ECS","event.dataset":"elasticsearch.server","process.thread.name":"main","log.logger":"org.elasticsearch.transport.TransportService","elasticsearch.node.name":"e0ea47396b0a","elasticsearch.cluster.name":"docker-cluster"}
elasticsearch-1  | {"@timestamp":"2025-11-24T16:30:00.277Z", "log.level": "INFO", "message":"this node is locked into cluster UUID [ee7JTKmiRHS01qABxRaqGA] and will not attempt further cluster bootstrapping", "ecs.version": "1.2.0","service.name":"ES_ECS","event.dataset":"elasticsearch.server","process.thread.name":"main","log.logger":"org.elasticsearch.cluster.coordination.ClusterBootstrapService","elasticsearch.node.name":"e0ea47396b0a","elasticsearch.cluster.name":"docker-cluster"}
elasticsearch-1  | {"@timestamp":"2025-11-24T16:30:00.397Z", "log.level": "INFO", "message":"elected-as-master ([1] nodes joined in term 15)[_FINISH_ELECTION_, {e0ea47396b0a}{gcr3PL6sQG6WCHGSCImqXQ}{705c7Ns6T_m6d-LaqsTylA}{e0ea47396b0a}{172.20.0.4}{172.20.0.4:9300}{cdfhilmrstw}{8.11.0}{7000099-8500003} completing election], term: 15, version: 87, delta: master node changed {previous [], current [{e0ea47396b0a}{gcr3PL6sQG6WCHGSCImqXQ}{705c7Ns6T_m6d-LaqsTylA}{e0ea47396b0a}{172.20.0.4}{172.20.0.4:9300}{cdfhilmrstw}{8.11.0}{7000099-8500003}]}", "ecs.version": "1.2.0","service.name":"ES_ECS","event.dataset":"elasticsearch.server","process.thread.name":"elasticsearch[e0ea47396b0a][masterService#updateTask][T#1]","log.logger":"org.elasticsearch.cluster.service.MasterService","elasticsearch.node.name":"e0ea47396b0a","elasticsearch.cluster.name":"docker-cluster"}
elasticsearch-1  | {"@timestamp":"2025-11-24T16:30:00.432Z", "log.level": "INFO", "message":"master node changed {previous [], current [{e0ea47396b0a}{gcr3PL6sQG6WCHGSCImqXQ}{705c7Ns6T_m6d-LaqsTylA}{e0ea47396b0a}{172.20.0.4}{172.20.0.4:9300}{cdfhilmrstw}{8.11.0}{7000099-8500003}]}, term: 15, version: 87, reason: Publication{term=15, version=87}", "ecs.version": "1.2.0","service.name":"ES_ECS","event.dataset":"elasticsearch.server","process.thread.name":"elasticsearch[e0ea47396b0a][clusterApplierService#updateTask][T#1]","log.logger":"org.elasticsearch.cluster.service.ClusterApplierService","elasticsearch.node.name":"e0ea47396b0a","elasticsearch.cluster.name":"docker-cluster"}
elasticsearch-1  | {"@timestamp":"2025-11-24T16:30:00.468Z", "log.level": "INFO", "message":"starting file watcher ...", "ecs.version": "1.2.0","service.name":"ES_ECS","event.dataset":"elasticsearch.server","process.thread.name":"elasticsearch[e0ea47396b0a][clusterApplierService#updateTask][T#1]","log.logger":"org.elasticsearch.common.file.AbstractFileWatchingService","elasticsearch.node.name":"e0ea47396b0a","elasticsearch.cluster.name":"docker-cluster"}
elasticsearch-1  | {"@timestamp":"2025-11-24T16:30:00.473Z", "log.level": "INFO", "message":"file settings service up and running [tid=58]", "ecs.version": "1.2.0","service.name":"ES_ECS","event.dataset":"elasticsearch.server","process.thread.name":"elasticsearch[file-watcher[/usr/share/elasticsearch/config/operator/settings.json]]","log.logger":"org.elasticsearch.common.file.AbstractFileWatchingService","elasticsearch.node.name":"e0ea47396b0a","elasticsearch.cluster.name":"docker-cluster"}
elasticsearch-1  | {"@timestamp":"2025-11-24T16:30:00.480Z", "log.level": "INFO", "message":"node-join: [{e0ea47396b0a}{gcr3PL6sQG6WCHGSCImqXQ}{705c7Ns6T_m6d-LaqsTylA}{e0ea47396b0a}{172.20.0.4}{172.20.0.4:9300}{cdfhilmrstw}{8.11.0}{7000099-8500003}] with reason [completing election]", "ecs.version": "1.2.0","service.name":"ES_ECS","event.dataset":"elasticsearch.server","process.thread.name":"elasticsearch[e0ea47396b0a][masterService#updateTask][T#1]","log.logger":"org.elasticsearch.cluster.coordination.NodeJoinExecutor","elasticsearch.cluster.uuid":"ee7JTKmiRHS01qABxRaqGA","elasticsearch.node.id":"gcr3PL6sQG6WCHGSCImqXQ","elasticsearch.node.name":"e0ea47396b0a","elasticsearch.cluster.name":"docker-cluster"}
elasticsearch-1  | {"@timestamp":"2025-11-24T16:30:00.481Z", "log.level": "INFO", "message":"publish_address {172.20.0.4:9200}, bound_addresses {[::]:9200}", "ecs.version": "1.2.0","service.name":"ES_ECS","event.dataset":"elasticsearch.server","process.thread.name":"main","log.logger":"org.elasticsearch.http.AbstractHttpServerTransport","elasticsearch.cluster.uuid":"ee7JTKmiRHS01qABxRaqGA","elasticsearch.node.id":"gcr3PL6sQG6WCHGSCImqXQ","elasticsearch.node.name":"e0ea47396b0a","elasticsearch.cluster.name":"docker-cluster"}
elasticsearch-1  | {"@timestamp":"2025-11-24T16:30:00.482Z", "log.level": "INFO", "message":"started {e0ea47396b0a}{gcr3PL6sQG6WCHGSCImqXQ}{705c7Ns6T_m6d-LaqsTylA}{e0ea47396b0a}{172.20.0.4}{172.20.0.4:9300}{cdfhilmrstw}{8.11.0}{7000099-8500003}{ml.allocated_processors=12, ml.allocated_processors_double=12.0, ml.max_jvm_size=536870912, ml.config_version=11.0.0, xpack.installed=true, transform.config_version=10.0.0, ml.machine_memory=16097812480}", "ecs.version": "1.2.0","service.name":"ES_ECS","event.dataset":"elasticsearch.server","process.thread.name":"main","log.logger":"org.elasticsearch.node.Node","elasticsearch.cluster.uuid":"ee7JTKmiRHS01qABxRaqGA","elasticsearch.node.id":"gcr3PL6sQG6WCHGSCImqXQ","elasticsearch.node.name":"e0ea47396b0a","elasticsearch.cluster.name":"docker-cluster"}
dashboard-1      | 172.20.0.1 - - [24/Nov/2025:16:30:00 +0000] "GET / HTTP/1.1" 200 456 "-" "curl/8.2.1" "-"
elasticsearch-1  | {"@timestamp":"2025-11-24T16:30:00.923Z", "log.level": "INFO", "message":"license [10488680-3fb8-424e-92fe-86568e5055ad] mode [basic] - valid", "ecs.version": "1.2.0","service.name":"ES_ECS","event.dataset":"elasticsearch.server","process.thread.name":"elasticsearch[e0ea47396b0a][clusterApplierService#updateTask][T#1]","log.logger":"org.elasticsearch.license.ClusterStateLicenseService","elasticsearch.cluster.uuid":"ee7JTKmiRHS01qABxRaqGA","elasticsearch.node.id":"gcr3PL6sQG6WCHGSCImqXQ","elasticsearch.node.name":"e0ea47396b0a","elasticsearch.cluster.name":"docker-cluster"}
elasticsearch-1  | {"@timestamp":"2025-11-24T16:30:00.926Z", "log.level": "INFO", "message":"recovered [0] indices into cluster_state", "ecs.version": "1.2.0","service.name":"ES_ECS","event.dataset":"elasticsearch.server","process.thread.name":"elasticsearch[e0ea47396b0a][masterService#updateTask][T#1]","log.logger":"org.elasticsearch.gateway.GatewayService","elasticsearch.cluster.uuid":"ee7JTKmiRHS01qABxRaqGA","elasticsearch.node.id":"gcr3PL6sQG6WCHGSCImqXQ","elasticsearch.node.name":"e0ea47396b0a","elasticsearch.cluster.name":"docker-cluster"}
elasticsearch-1  | {"@timestamp":"2025-11-24T16:30:00.969Z", "log.level": "INFO", "message":"Node [{e0ea47396b0a}{gcr3PL6sQG6WCHGSCImqXQ}] is selected as the current health node.", "ecs.version": "1.2.0","service.name":"ES_ECS","event.dataset":"elasticsearch.server","process.thread.name":"elasticsearch[e0ea47396b0a][management][T#1]","log.logger":"org.elasticsearch.health.node.selection.HealthNodeTaskExecutor","elasticsearch.cluster.uuid":"ee7JTKmiRHS01qABxRaqGA","elasticsearch.node.id":"gcr3PL6sQG6WCHGSCImqXQ","elasticsearch.node.name":"e0ea47396b0a","elasticsearch.cluster.name":"docker-cluster"}
dashboard-1      | 172.20.0.1 - - [24/Nov/2025:16:30:02 +0000] "GET / HTTP/1.1" 200 456 "-" "curl/8.2.1" "-"
dashboard-1      | 172.20.0.1 - - [24/Nov/2025:16:30:04 +0000] "GET / HTTP/1.1" 200 456 "-" "curl/8.2.1" "-"
dashboard-1      | 172.20.0.1 - - [24/Nov/2025:16:30:06 +0000] "GET / HTTP/1.1" 200 456 "-" "curl/8.2.1" "-"
dashboard-1      | 172.20.0.1 - - [24/Nov/2025:16:30:08 +0000] "GET / HTTP/1.1" 200 456 "-" "curl/8.2.1" "-"
dashboard-1      | 172.20.0.1 - - [24/Nov/2025:16:30:08 +0000] "GET /api/suricata/alerts/stream HTTP/1.1" 200 0 "http://localhost:8080/" "Mozilla/5.0 (X11; Linux x86_64; rv:140.0) Gecko/20100101 Firefox/140.0" "-"
mock-backend-1   | Client disconnected from SSE stream
dashboard-1      | 172.20.0.1 - - [24/Nov/2025:16:30:08 +0000] "GET / HTTP/1.1" 200 456 "-" "Mozilla/5.0 (X11; Linux x86_64; rv:140.0) Gecko/20100101 Firefox/140.0" "-"
dashboard-1      | 172.20.0.1 - - [24/Nov/2025:16:30:08 +0000] "GET /assets/index-CJ6iCvbF.js HTTP/1.1" 200 235639 "http://localhost:8080/" "Mozilla/5.0 (X11; Linux x86_64; rv:140.0) Gecko/20100101 Firefox/140.0" "-"
dashboard-1      | 172.20.0.1 - - [24/Nov/2025:16:30:08 +0000] "GET /assets/index-CpezoC8g.css HTTP/1.1" 200 8758 "http://localhost:8080/" "Mozilla/5.0 (X11; Linux x86_64; rv:140.0) Gecko/20100101 Firefox/140.0" "-"
dashboard-1      | 172.20.0.1 - - [24/Nov/2025:16:30:09 +0000] "GET /vite.svg HTTP/1.1" 200 1497 "http://localhost:8080/" "Mozilla/5.0 (X11; Linux x86_64; rv:140.0) Gecko/20100101 Firefox/140.0" "-"
mock-backend-1   | Client connected to SSE stream
dashboard-1      | 172.20.0.1 - - [24/Nov/2025:16:30:09 +0000] "GET /api/suricata/alerts/recent?limit=50 HTTP/1.1" 200 972 "http://localhost:8080/" "Mozilla/5.0 (X11; Linux x86_64; rv:140.0) Gecko/20100101 Firefox/140.0" "-"
dashboard-1      | 172.20.0.1 - - [24/Nov/2025:16:30:09 +0000] "GET /api/suricata/statistics HTTP/1.1" 304 0 "http://localhost:8080/" "Mozilla/5.0 (X11; Linux x86_64; rv:140.0) Gecko/20100101 Firefox/140.0" "-"
suricata-1       | Info: runmodes: wlp4s0: creating 12 threads
suricata-1       | Info: ioctl: wlp4s0: MTU 1500
dashboard-1      | 172.20.0.1 - - [24/Nov/2025:16:30:10 +0000] "GET / HTTP/1.1" 200 456 "-" "curl/8.2.1" "-"
suricata-1       | Notice: threads: Threads created -> W: 12 FM: 1 FR: 1   Engine started.
dashboard-1      | 172.20.0.1 - - [24/Nov/2025:16:30:12 +0000] "GET / HTTP/1.1" 200 456 "-" "curl/8.2.1" "-"
dashboard-1      | 172.20.0.1 - - [24/Nov/2025:16:30:14 +0000] "GET /api/suricata/alerts/stream HTTP/1.1" 200 0 "http://localhost:8080/" "Mozilla/5.0 (X11; Linux x86_64; rv:140.0) Gecko/20100101 Firefox/140.0" "-"
mock-backend-1   | Client disconnected from SSE stream
dashboard-1      | 172.20.0.1 - - [24/Nov/2025:16:30:14 +0000] "GET / HTTP/1.1" 304 0 "-" "Mozilla/5.0 (X11; Linux x86_64; rv:140.0) Gecko/20100101 Firefox/140.0" "-"
mock-backend-1   | Client connected to SSE stream
dashboard-1      | 172.20.0.1 - - [24/Nov/2025:16:30:14 +0000] "GET /api/suricata/alerts/recent?limit=50 HTTP/1.1" 200 973 "http://localhost:8080/" "Mozilla/5.0 (X11; Linux x86_64; rv:140.0) Gecko/20100101 Firefox/140.0" "-"
dashboard-1      | 172.20.0.1 - - [24/Nov/2025:16:30:14 +0000] "GET /api/suricata/statistics HTTP/1.1" 304 0 "http://localhost:8080/" "Mozilla/5.0 (X11; Linux x86_64; rv:140.0) Gecko/20100101 Firefox/140.0" "-"
dashboard-1      | 172.20.0.1 - - [24/Nov/2025:16:30:14 +0000] "GET / HTTP/1.1" 200 456 "-" "curl/8.2.1" "-"
dashboard-1      | 172.20.0.1 - - [24/Nov/2025:16:30:16 +0000] "GET / HTTP/1.1" 200 456 "-" "curl/8.2.1" "-"
dashboard-1      | 172.20.0.1 - - [24/Nov/2025:16:30:18 +0000] "GET / HTTP/1.1" 200 456 "-" "curl/8.2.1" "-"
dashboard-1      | 172.20.0.1 - - [24/Nov/2025:16:30:20 +0000] "GET / HTTP/1.1" 200 456 "-" "curl/8.2.1" "-"
dashboard-1      | 172.20.0.1 - - [24/Nov/2025:16:30:22 +0000] "GET / HTTP/1.1" 200 456 "-" "curl/8.2.1" "-"
dashboard-1      | 172.20.0.1 - - [24/Nov/2025:16:30:24 +0000] "GET / HTTP/1.1" 200 456 "-" "curl/8.2.1" "-"
dashboard-1      | 172.20.0.1 - - [24/Nov/2025:16:30:27 +0000] "GET / HTTP/1.1" 200 456 "-" "curl/8.2.1" "-"
dashboard-1      | 172.20.0.1 - - [24/Nov/2025:16:30:29 +0000] "GET / HTTP/1.1" 200 456 "-" "curl/8.2.1" "-"
dashboard-1      | 172.20.0.1 - - [24/Nov/2025:16:30:31 +0000] "GET / HTTP/1.1" 200 456 "-" "curl/8.2.1" "-"
dashboard-1      | 172.20.0.1 - - [24/Nov/2025:16:30:33 +0000] "GET / HTTP/1.1" 200 456 "-" "curl/8.2.1" "-"
dashboard-1      | 172.20.0.1 - - [24/Nov/2025:16:30:35 +0000] "GET / HTTP/1.1" 200 456 "-" "curl/8.2.1" "-"
dashboard-1      | 172.20.0.1 - - [24/Nov/2025:16:30:37 +0000] "GET / HTTP/1.1" 200 456 "-" "curl/8.2.1" "-"
dashboard-1      | 172.20.0.1 - - [24/Nov/2025:16:30:39 +0000] "GET / HTTP/1.1" 200 456 "-" "curl/8.2.1" "-"
dashboard-1      | 172.20.0.1 - - [24/Nov/2025:16:30:41 +0000] "GET / HTTP/1.1" 200 456 "-" "curl/8.2.1" "-"
dashboard-1      | 172.20.0.1 - - [24/Nov/2025:16:30:43 +0000] "GET / HTTP/1.1" 200 456 "-" "curl/8.2.1" "-"
dashboard-1      | 172.20.0.1 - - [24/Nov/2025:16:30:44 +0000] "GET /api/suricata/statistics HTTP/1.1" 304 0 "http://localhost:8080/" "Mozilla/5.0 (X11; Linux x86_64; rv:140.0) Gecko/20100101 Firefox/140.0" "-"
dashboard-1      | 172.20.0.1 - - [24/Nov/2025:16:30:45 +0000] "GET / HTTP/1.1" 200 456 "-" "curl/8.2.1" "-"
dashboard-1      | 172.20.0.1 - - [24/Nov/2025:16:30:47 +0000] "GET / HTTP/1.1" 200 456 "-" "curl/8.2.1" "-"
dashboard-1      | 172.20.0.1 - - [24/Nov/2025:16:30:49 +0000] "GET / HTTP/1.1" 200 456 "-" "curl/8.2.1" "-"
dashboard-1      | 172.20.0.1 - - [24/Nov/2025:16:30:51 +0000] "GET / HTTP/1.1" 200 456 "-" "curl/8.2.1" "-"
dashboard-1      | 172.20.0.1 - - [24/Nov/2025:16:30:53 +0000] "GET / HTTP/1.1" 200 456 "-" "curl/8.2.1" "-"
dashboard-1      | 172.20.0.1 - - [24/Nov/2025:16:30:55 +0000] "GET / HTTP/1.1" 200 456 "-" "curl/8.2.1" "-"
dashboard-1      | 172.20.0.1 - - [24/Nov/2025:16:30:57 +0000] "GET / HTTP/1.1" 200 456 "-" "curl/8.2.1" "-"
dashboard-1      | 172.20.0.1 - - [24/Nov/2025:16:30:59 +0000] "GET / HTTP/1.1" 200 456 "-" "curl/8.2.1" "-"
dashboard-1      | 172.20.0.1 - - [24/Nov/2025:16:31:01 +0000] "GET / HTTP/1.1" 200 456 "-" "curl/8.2.1" "-"
dashboard-1      | 172.20.0.1 - - [24/Nov/2025:16:31:03 +0000] "GET / HTTP/1.1" 200 456 "-" "curl/8.2.1" "-"
dashboard-1      | 172.20.0.1 - - [24/Nov/2025:16:31:05 +0000] "GET / HTTP/1.1" 200 456 "-" "curl/8.2.1" "-"
dashboard-1      | 172.20.0.1 - - [24/Nov/2025:16:31:07 +0000] "GET / HTTP/1.1" 200 456 "-" "curl/8.2.1" "-"
dashboard-1      | 172.20.0.1 - - [24/Nov/2025:16:31:09 +0000] "GET / HTTP/1.1" 200 456 "-" "curl/8.2.1" "-"
dashboard-1      | 172.20.0.1 - - [24/Nov/2025:16:31:11 +0000] "GET / HTTP/1.1" 200 456 "-" "curl/8.2.1" "-"
dashboard-1      | 172.20.0.1 - - [24/Nov/2025:16:31:13 +0000] "GET / HTTP/1.1" 200 456 "-" "curl/8.2.1" "-"
dashboard-1      | 172.20.0.1 - - [24/Nov/2025:16:31:14 +0000] "GET /api/suricata/statistics HTTP/1.1" 304 0 "http://localhost:8080/" "Mozilla/5.0 (X11; Linux x86_64; rv:140.0) Gecko/20100101 Firefox/140.0" "-"
dashboard-1      | 172.20.0.1 - - [24/Nov/2025:16:31:15 +0000] "GET / HTTP/1.1" 200 456 "-" "curl/8.2.1" "-"
dashboard-1      | 172.20.0.1 - - [24/Nov/2025:16:31:17 +0000] "GET / HTTP/1.1" 200 456 "-" "curl/8.2.1" "-"
dashboard-1      | 172.20.0.1 - - [24/Nov/2025:16:31:19 +0000] "GET / HTTP/1.1" 200 456 "-" "curl/8.2.1" "-"
dashboard-1      | 172.20.0.1 - - [24/Nov/2025:16:31:21 +0000] "GET / HTTP/1.1" 200 456 "-" "curl/8.2.1" "-"
dashboard-1      | 172.20.0.1 - - [24/Nov/2025:16:31:23 +0000] "GET / HTTP/1.1" 200 456 "-" "curl/8.2.1" "-"
dashboard-1      | 172.20.0.1 - - [24/Nov/2025:16:31:25 +0000] "GET / HTTP/1.1" 200 456 "-" "curl/8.2.1" "-"
dashboard-1      | 172.20.0.1 - - [24/Nov/2025:16:31:27 +0000] "GET / HTTP/1.1" 200 456 "-" "curl/8.2.1" "-"
dashboard-1      | 172.20.0.1 - - [24/Nov/2025:16:31:29 +0000] "GET / HTTP/1.1" 200 456 "-" "curl/8.2.1" "-"
dashboard-1      | 172.20.0.1 - - [24/Nov/2025:16:31:31 +0000] "GET / HTTP/1.1" 200 456 "-" "curl/8.2.1" "-"
dashboard-1      | 172.20.0.1 - - [24/Nov/2025:16:31:33 +0000] "GET / HTTP/1.1" 200 456 "-" "curl/8.2.1" "-"
dashboard-1      | 172.20.0.1 - - [24/Nov/2025:16:31:35 +0000] "GET / HTTP/1.1" 200 456 "-" "curl/8.2.1" "-"
dashboard-1      | 172.20.0.1 - - [24/Nov/2025:16:31:37 +0000] "GET / HTTP/1.1" 200 456 "-" "curl/8.2.1" "-"
dashboard-1      | 172.20.0.1 - - [24/Nov/2025:16:31:39 +0000] "GET / HTTP/1.1" 200 456 "-" "curl/8.2.1" "-"
dashboard-1      | 172.20.0.1 - - [24/Nov/2025:16:31:41 +0000] "GET / HTTP/1.1" 200 456 "-" "curl/8.2.1" "-"
dashboard-1      | 172.20.0.1 - - [24/Nov/2025:16:31:43 +0000] "GET / HTTP/1.1" 200 456 "-" "curl/8.2.1" "-"
dashboard-1      | 172.20.0.1 - - [24/Nov/2025:16:31:44 +0000] "GET /api/suricata/statistics HTTP/1.1" 304 0 "http://localhost:8080/" "Mozilla/5.0 (X11; Linux x86_64; rv:140.0) Gecko/20100101 Firefox/140.0" "-"
dashboard-1      | 172.20.0.1 - - [24/Nov/2025:16:31:45 +0000] "GET / HTTP/1.1" 200 456 "-" "curl/8.2.1" "-"
dashboard-1      | 172.20.0.1 - - [24/Nov/2025:16:31:47 +0000] "GET / HTTP/1.1" 200 456 "-" "curl/8.2.1" "-"
dashboard-1      | 172.20.0.1 - - [24/Nov/2025:16:31:49 +0000] "GET / HTTP/1.1" 200 456 "-" "curl/8.2.1" "-"
dashboard-1      | 172.20.0.1 - - [24/Nov/2025:16:31:51 +0000] "GET / HTTP/1.1" 200 456 "-" "curl/8.2.1" "-"
dashboard-1      | 172.20.0.1 - - [24/Nov/2025:16:31:53 +0000] "GET / HTTP/1.1" 200 456 "-" "curl/8.2.1" "-"
dashboard-1      | 172.20.0.1 - - [24/Nov/2025:16:31:55 +0000] "GET / HTTP/1.1" 200 456 "-" "curl/8.2.1" "-"
dashboard-1      | 172.20.0.1 - - [24/Nov/2025:16:31:57 +0000] "GET / HTTP/1.1" 200 456 "-" "curl/8.2.1" "-"
dashboard-1      | 172.20.0.1 - - [24/Nov/2025:16:31:59 +0000] "GET / HTTP/1.1" 200 456 "-" "curl/8.2.1" "-"
dashboard-1      | 172.20.0.1 - - [24/Nov/2025:16:32:01 +0000] "GET / HTTP/1.1" 200 456 "-" "curl/8.2.1" "-"
dashboard-1      | 172.20.0.1 - - [24/Nov/2025:16:32:03 +0000] "GET / HTTP/1.1" 200 456 "-" "curl/8.2.1" "-"
dashboard-1      | 172.20.0.1 - - [24/Nov/2025:16:32:05 +0000] "GET / HTTP/1.1" 200 456 "-" "curl/8.2.1" "-"
dashboard-1      | 172.20.0.1 - - [24/Nov/2025:16:32:07 +0000] "GET / HTTP/1.1" 200 456 "-" "curl/8.2.1" "-"
dashboard-1      | 172.20.0.1 - - [24/Nov/2025:16:32:09 +0000] "GET / HTTP/1.1" 200 456 "-" "curl/8.2.1" "-"
dashboard-1      | 172.20.0.1 - - [24/Nov/2025:16:32:11 +0000] "GET /api/suricata/alerts/stream HTTP/1.1" 200 0 "http://localhost:8080/" "Mozilla/5.0 (X11; Linux x86_64; rv:140.0) Gecko/20100101 Firefox/140.0" "-"
mock-backend-1   | Client disconnected from SSE stream
dashboard-1      | 172.20.0.1 - - [24/Nov/2025:16:32:11 +0000] "GET / HTTP/1.1" 200 456 "-" "Mozilla/5.0 (X11; Linux x86_64; rv:140.0) Gecko/20100101 Firefox/140.0" "-"
dashboard-1      | 172.20.0.1 - - [24/Nov/2025:16:32:11 +0000] "GET / HTTP/1.1" 200 456 "-" "curl/8.2.1" "-"
dashboard-1      | 172.20.0.1 - - [24/Nov/2025:16:32:11 +0000] "GET /assets/index-CJ6iCvbF.js HTTP/1.1" 200 235639 "http://localhost:8080/" "Mozilla/5.0 (X11; Linux x86_64; rv:140.0) Gecko/20100101 Firefox/140.0" "-"
dashboard-1      | 172.20.0.1 - - [24/Nov/2025:16:32:11 +0000] "GET /assets/index-CpezoC8g.css HTTP/1.1" 200 8758 "http://localhost:8080/" "Mozilla/5.0 (X11; Linux x86_64; rv:140.0) Gecko/20100101 Firefox/140.0" "-"
mock-backend-1   | Client connected to SSE stream
dashboard-1      | 172.20.0.1 - - [24/Nov/2025:16:32:11 +0000] "GET /api/suricata/statistics HTTP/1.1" 304 0 "http://localhost:8080/" "Mozilla/5.0 (X11; Linux x86_64; rv:140.0) Gecko/20100101 Firefox/140.0" "-"
dashboard-1      | 172.20.0.1 - - [24/Nov/2025:16:32:11 +0000] "GET /api/suricata/alerts/recent?limit=50 HTTP/1.1" 200 970 "http://localhost:8080/" "Mozilla/5.0 (X11; Linux x86_64; rv:140.0) Gecko/20100101 Firefox/140.0" "-"
dashboard-1      | 172.20.0.1 - - [24/Nov/2025:16:32:11 +0000] "GET /vite.svg HTTP/1.1" 200 1497 "http://localhost:8080/" "Mozilla/5.0 (X11; Linux x86_64; rv:140.0) Gecko/20100101 Firefox/140.0" "-"
dashboard-1      | 172.20.0.1 - - [24/Nov/2025:16:32:13 +0000] "GET / HTTP/1.1" 200 456 "-" "curl/8.2.1" "-"
dashboard-1      | 172.20.0.1 - - [24/Nov/2025:16:32:15 +0000] "GET / HTTP/1.1" 200 456 "-" "curl/8.2.1" "-"
dashboard-1      | 172.20.0.1 - - [24/Nov/2025:16:32:17 +0000] "GET / HTTP/1.1" 200 456 "-" "curl/8.2.1" "-"
dashboard-1      | 172.20.0.1 - - [24/Nov/2025:16:32:19 +0000] "GET / HTTP/1.1" 200 456 "-" "curl/8.2.1" "-"
dashboard-1      | 172.20.0.1 - - [24/Nov/2025:16:32:21 +0000] "GET / HTTP/1.1" 200 456 "-" "curl/8.2.1" "-"
dashboard-1      | 172.20.0.1 - - [24/Nov/2025:16:32:23 +0000] "GET / HTTP/1.1" 200 456 "-" "curl/8.2.1" "-"
dashboard-1      | 172.20.0.1 - - [24/Nov/2025:16:32:25 +0000] "GET / HTTP/1.1" 200 456 "-" "curl/8.2.1" "-"
